===== CONFIGURATION =====
=== CPU ARCHITECTURE ===
Architecture:        x86_64
CPU op-mode(s):      32-bit, 64-bit
Byte Order:          Little Endian
CPU(s):              40
On-line CPU(s) list: 0-39
Thread(s) per core:  2
Core(s) per socket:  10
Socket(s):           2
NUMA node(s):        2
Vendor ID:           GenuineIntel
CPU family:          6
Model:               63
Model name:          Intel(R) Xeon(R) CPU E5-2660 v3 @ 2.60GHz
Stepping:            2
CPU MHz:             1932.879
CPU max MHz:         3300.0000
CPU min MHz:         1200.0000
BogoMIPS:            5199.84
Virtualization:      VT-x
L1d cache:           32K
L1i cache:           32K
L2 cache:            256K
L3 cache:            25600K
NUMA node0 CPU(s):   0-9,20-29
NUMA node1 CPU(s):   10-19,30-39
Flags:               fpu vme de pse tsc msr pae mce cx8 apic sep mtrr pge mca cmov pat pse36 clflush dts acpi mmx fxsr sse sse2 ss ht tm pbe syscall nx pdpe1gb rdtscp lm constant_tsc arch_perfmon pebs bts rep_good nopl xtopology nonstop_tsc cpuid aperfmperf pni pclmulqdq dtes64 monitor ds_cpl vmx smx est tm2 ssse3 sdbg fma cx16 xtpr pdcm pcid dca sse4_1 sse4_2 x2apic movbe popcnt tsc_deadline_timer aes xsave avx f16c rdrand lahf_lm abm cpuid_fault epb invpcid_single pti intel_ppin ssbd ibrs ibpb stibp tpr_shadow vnmi flexpriority ept vpid ept_ad fsgsbase tsc_adjust bmi1 avx2 smep bmi2 erms invpcid cqm xsaveopt cqm_llc cqm_occup_llc dtherm ida arat pln pts md_clear flush_l1d
=== SLURM CONFIG ===
JobId=884241 JobName=cpp-serial6105ew5o.sbatch
   UserId=u2006527(38259) GroupId=dcsugrad(301) MCS_label=N/A
   Priority=4294691922 Nice=0 Account=ug QOS=normal
   JobState=RUNNING Reason=None Dependency=(null)
   Requeue=1 Restarts=0 BatchFlag=1 Reboot=0 ExitCode=0:0
   RunTime=00:00:01 TimeLimit=2-00:00:00 TimeMin=N/A
   SubmitTime=2024-04-09T00:17:44 EligibleTime=2024-04-09T00:17:44
   AccrueTime=2024-04-09T00:17:44
   StartTime=2024-04-09T00:17:46 EndTime=2024-04-11T00:17:46 Deadline=N/A
   SuspendTime=None SecsPreSuspend=0 LastSchedEval=2024-04-09T00:17:46
   Partition=cpu-batch AllocNode:Sid=kudu:842837
   ReqNodeList=(null) ExcNodeList=(null)
   NodeList=emu-21
   BatchHost=emu-21
   NumNodes=1 NumCPUs=1 NumTasks=1 CPUs/Task=1 ReqB:S:C:T=0:0:*:*
   TRES=cpu=1,mem=60000M,node=1,billing=1
   Socks/Node=* NtasksPerN:B:S:C=1:0:*:* CoreSpec=*
   MinCPUsNode=1 MinMemoryNode=60000M MinTmpDiskNode=0
   Features=(null) DelayBoot=00:00:00
   OverSubscribe=MCS Contiguous=0 Licenses=(null) Network=(null)
   Command=/dcs/20/u2006527/Desktop/project/eurocc_cfd_optimised/hpc-multibench/cpp-serial6105ew5o.sbatch
   WorkDir=/dcs/20/u2006527/Desktop/project/eurocc_cfd_optimised/hpc-multibench
   StdErr=/dcs/20/u2006527/Desktop/project/eurocc_cfd_optimised/hpc-multibench/results/serial/cpp-serial__884241.out
   StdIn=/dev/null
   StdOut=/dcs/20/u2006527/Desktop/project/eurocc_cfd_optimised/hpc-multibench/results/serial/cpp-serial__884241.out
   Power=
   NtasksPerTRES:0

=== RUN INSTANTIATION ===
{args: 32 5000}

===== BUILD =====
run configuration was pre-built

===== RUN =====
Scale Factor = 32, iterations = 5000
Irrotational flow
Running CFD on 1024 x 1024 grid in serial

Starting main loop...

Completed iteration 1000
Completed iteration 2000
Completed iteration 3000
Completed iteration 4000
Completed iteration 5000

... finished
After 5000 iterations, the error is 0.000371743
Time for 5000 iterations was 7.78936 seconds
Each iteration took 0.00155787 seconds


Writing data files ...
... done!

Written gnuplot script 'cfd.plt'
... finished
real 8.27
user 8.03
sys 0.02
