===== CONFIGURATION =====
=== ENVIRONMENT VARIABLES ===
OMP_NUM_THREADS=32
RAYON_NUM_THREADS=32
=== CPU ARCHITECTURE ===
Architecture:        x86_64
CPU op-mode(s):      32-bit, 64-bit
Byte Order:          Little Endian
CPU(s):              40
On-line CPU(s) list: 0-39
Thread(s) per core:  2
Core(s) per socket:  10
Socket(s):           2
NUMA node(s):        2
Vendor ID:           GenuineIntel
CPU family:          6
Model:               63
Model name:          Intel(R) Xeon(R) CPU E5-2660 v3 @ 2.60GHz
Stepping:            2
CPU MHz:             3300.000
CPU max MHz:         3300.0000
CPU min MHz:         1200.0000
BogoMIPS:            5199.94
Virtualization:      VT-x
L1d cache:           32K
L1i cache:           32K
L2 cache:            256K
L3 cache:            25600K
NUMA node0 CPU(s):   0-9,20-29
NUMA node1 CPU(s):   10-19,30-39
Flags:               fpu vme de pse tsc msr pae mce cx8 apic sep mtrr pge mca cmov pat pse36 clflush dts acpi mmx fxsr sse sse2 ss ht tm pbe syscall nx pdpe1gb rdtscp lm constant_tsc arch_perfmon pebs bts rep_good nopl xtopology nonstop_tsc cpuid aperfmperf pni pclmulqdq dtes64 monitor ds_cpl vmx smx est tm2 ssse3 sdbg fma cx16 xtpr pdcm pcid dca sse4_1 sse4_2 x2apic movbe popcnt tsc_deadline_timer aes xsave avx f16c rdrand lahf_lm abm cpuid_fault epb invpcid_single pti intel_ppin ssbd ibrs ibpb stibp tpr_shadow vnmi flexpriority ept vpid ept_ad fsgsbase tsc_adjust bmi1 avx2 smep bmi2 erms invpcid cqm xsaveopt cqm_llc cqm_occup_llc dtherm ida arat pln pts md_clear flush_l1d
=== SLURM CONFIG ===
JobId=884791 JobName=fortran-openmpc8y7lu9j.sbatch
   UserId=u2006527(38259) GroupId=dcsugrad(301) MCS_label=N/A
   Priority=4294691460 Nice=0 Account=ug QOS=normal
   JobState=RUNNING Reason=None Dependency=(null)
   Requeue=1 Restarts=0 BatchFlag=1 Reboot=0 ExitCode=0:0
   RunTime=00:00:00 TimeLimit=2-00:00:00 TimeMin=N/A
   SubmitTime=2024-04-09T00:39:56 EligibleTime=2024-04-09T00:54:22
   AccrueTime=2024-04-09T00:54:22
   StartTime=2024-04-09T00:54:30 EndTime=2024-04-11T00:54:30 Deadline=N/A
   SuspendTime=None SecsPreSuspend=0 LastSchedEval=2024-04-09T00:54:30
   Partition=cpu-batch AllocNode:Sid=kudu:842837
   ReqNodeList=(null) ExcNodeList=(null)
   NodeList=emu-23
   BatchHost=emu-23
   NumNodes=1 NumCPUs=32 NumTasks=1 CPUs/Task=32 ReqB:S:C:T=0:0:*:*
   TRES=cpu=32,mem=60000M,node=1,billing=32
   Socks/Node=* NtasksPerN:B:S:C=1:0:*:* CoreSpec=*
   MinCPUsNode=32 MinMemoryNode=60000M MinTmpDiskNode=0
   Features=(null) DelayBoot=00:00:00
   OverSubscribe=MCS Contiguous=0 Licenses=(null) Network=(null)
   Command=/dcs/20/u2006527/Desktop/project/eurocc_cfd_optimised/hpc-multibench/fortran-openmpc8y7lu9j.sbatch
   WorkDir=/dcs/20/u2006527/Desktop/project/eurocc_cfd_optimised/hpc-multibench
   StdErr=/dcs/20/u2006527/Desktop/project/eurocc_cfd_optimised/hpc-multibench/results/parallel/fortran-openmp__884791.out
   StdIn=/dev/null
   StdOut=/dcs/20/u2006527/Desktop/project/eurocc_cfd_optimised/hpc-multibench/results/parallel/fortran-openmp__884791.out
   Power=
   NtasksPerTRES:0

=== RUN INSTANTIATION ===
{args: 4 5000, environment_variables: {OMP_NUM_THREADS: 32, RAYON_NUM_THREADS: 32}}

===== BUILD =====
run configuration was pre-built

===== RUN =====
 Scale factor =   4, iterations =   5000
 Irrotational flow
 Running CFD on  128 x  128 grid using   32 thread(s)

 Starting main loop ...

 completed iteration         1000
 completed iteration         2000
 completed iteration         3000
 completed iteration         4000
 completed iteration         5000

 ... finished

 After      5000 iterations, error is  0.1872E-03
 Time for   5000 iterations was  0.1203     seconds
 Each individual iteration took  0.2407E-04 seconds

 Writing output file ...
  ... finished

 CFD completed

real 0.17
user 3.86
sys 0.01
